This is pdfeTeXk, Version 3.141592-1.21a-2.2 (Web2C 7.5.4) (format=pdflatex 2006.8.30)  25 APR 2007 10:09
entering extended mode
 file:line:error style messages enabled.
**\nonstopmode \input /home/hothorn/projects/cvs/mboost/inst/doc/mboost_illustr
ations.tex
(/home/hothorn/projects/cvs/mboost/inst/doc/mboost_illustrations.tex
(/usr/share/texmf-tetex/tex/latex/base/article.cls
Document Class: article 2004/02/16 v1.4f Standard LaTeX document class
(/usr/share/texmf-tetex/tex/latex/base/size10.clo
File: size10.clo 2004/02/16 v1.4f Standard LaTeX file (size option)
)
\c@part=\count79
\c@section=\count80
\c@subsection=\count81
\c@subsubsection=\count82
\c@paragraph=\count83
\c@subparagraph=\count84
\c@figure=\count85
\c@table=\count86
\abovecaptionskip=\skip41
\belowcaptionskip=\skip42
\bibindent=\dimen102
)
(/usr/share/texmf-tetex/tex/latex/amsmath/amstext.sty
Package: amstext 2000/06/29 v2.01

(/usr/share/texmf-tetex/tex/latex/amsmath/amsgen.sty
File: amsgen.sty 1999/11/30 v2.0
\@emptytoks=\toks14
\ex@=\dimen103
))
(/usr/share/texmf-tetex/tex/latex/amsfonts/amsfonts.sty
Package: amsfonts 2001/10/25 v2.2f
\symAMSa=\mathgroup4
\symAMSb=\mathgroup5
LaTeX Font Info:    Overwriting math alphabet `\mathfrak' in version `bold'
(Font)                  U/euf/m/n --> U/euf/b/n on input line 132.
)
(/usr/share/texmf-tetex/tex/latex/hyperref/hyperref.sty
Package: hyperref 2003/11/30 v6.74m Hypertext links for LaTeX

(/usr/share/texmf-tetex/tex/latex/graphics/keyval.sty
Package: keyval 1999/03/16 v1.13 key=value parser (DPC)
\KV@toks@=\toks15
)
\@linkdim=\dimen104
\Hy@linkcounter=\count87
\Hy@pagecounter=\count88

(/usr/share/texmf-tetex/tex/latex/hyperref/pd1enc.def
File: pd1enc.def 2003/11/30 v6.74m Hyperref: PDFDocEncoding definition (HO)
)
(/usr/share/texmf-tetex/tex/latex/hyperref/hyperref.cfg
File: hyperref.cfg 2002/06/06 v1.2 hyperref configuration of TeXLive and teTeX
)
Package hyperref Info: Hyper figures OFF on input line 1880.
Package hyperref Info: Link nesting OFF on input line 1885.
Package hyperref Info: Hyper index ON on input line 1888.
Package hyperref Info: Plain pages ON on input line 1893.
Package hyperref Info: Backreferencing OFF on input line 1900.

Implicit mode ON; LaTeX internals redefined
Package hyperref Info: Bookmarks ON on input line 2004.
(/usr/share/texmf-tetex/tex/latex/url/url.sty
\Urlmuskip=\muskip10
Package: url 2004/03/15  ver 3.1  Verb mode for urls, etc.
)
LaTeX Info: Redefining \url on input line 2143.
\Fld@menulength=\count89
\Field@Width=\dimen105
\Fld@charsize=\dimen106
\Choice@toks=\toks16
\Field@toks=\toks17
Package hyperref Info: Hyper figures OFF on input line 2618.
Package hyperref Info: Link nesting OFF on input line 2623.
Package hyperref Info: Hyper index ON on input line 2626.
Package hyperref Info: backreferencing OFF on input line 2633.
Package hyperref Info: Link coloring OFF on input line 2638.
\c@Item=\count90
\c@Hfootnote=\count91
)
*hyperref using default driver hpdftex*
(/usr/share/texmf-tetex/tex/latex/hyperref/hpdftex.def
File: hpdftex.def 2003/11/30 v6.74m Hyperref driver for pdfTeX

(/usr/share/texmf-tetex/tex/latex/psnfss/pifont.sty
Package: pifont 2004/09/15 PSNFSS-v9.2 Pi font support (SPQR) 
LaTeX Font Info:    Try loading font information for U+pzd on input line 63.

(/usr/share/texmf-tetex/tex/latex/psnfss/upzd.fd
File: upzd.fd 2001/06/04 font definitions for U/pzd.
)
LaTeX Font Info:    Try loading font information for U+psy on input line 64.

(/usr/share/texmf-tetex/tex/latex/psnfss/upsy.fd
File: upsy.fd 2001/06/04 font definitions for U/psy.
))
\Fld@listcount=\count92
\@outlinefile=\write3
)
(/usr/share/texmf-tetex/tex/latex/natbib/natbib.sty
Package: natbib 2003/06/06 7.1 (PWD)
\bibhang=\skip43
\bibsep=\skip44
LaTeX Info: Redefining \cite on input line 518.
\c@NAT@ctr=\count93
)
(/usr/share/texmf-tetex/tex/latex/graphics/graphicx.sty
Package: graphicx 1999/02/16 v1.0f Enhanced LaTeX Graphics (DPC,SPQR)

(/usr/share/texmf-tetex/tex/latex/graphics/graphics.sty
Package: graphics 2001/07/07 v1.0n Standard LaTeX Graphics (DPC,SPQR)

(/usr/share/texmf-tetex/tex/latex/graphics/trig.sty
Package: trig 1999/03/16 v1.09 sin cos tan (DPC)
)
(/usr/share/texmf-tetex/tex/latex/graphics/graphics.cfg
File: graphics.cfg 2005/02/03 v1.3 graphics configuration of teTeX/TeXLive
)
Package graphics Info: Driver file: pdftex.def on input line 80.

(/usr/share/texmf-tetex/tex/latex/graphics/pdftex.def
File: pdftex.def 2002/06/19 v0.03k graphics/color for pdftex
\Gread@gobject=\count94
))
\Gin@req@height=\dimen107
\Gin@req@width=\dimen108
)
(/usr/share/texmf-tetex/tex/latex/rotating/rotating.sty
Package: rotating 1997/09/26 v2.13 Rotation package

(/usr/share/texmf-tetex/tex/latex/base/ifthen.sty
Package: ifthen 2001/05/26 v1.1c Standard LaTeX ifthen package (DPC)
)
\c@r@tfl@t=\count95
\rot@float@box=\box26
)
(/usr/share/texmf-tetex/tex/latex/base/fontenc.sty
Package: fontenc 2004/02/22 v1.99f Standard LaTeX package

(/usr/share/texmf-tetex/tex/latex/base/t1enc.def
File: t1enc.def 2004/02/22 v1.99f Standard LaTeX file
LaTeX Font Info:    Redeclaring font encoding T1 on input line 43.
))
(/usr/share/texmf-tetex/tex/latex/ae/ae.sty
Package: ae 2001/02/12 1.3 Almost European Computer Modern

(/usr/share/texmf-tetex/tex/latex/base/fontenc.sty
Package: fontenc 2004/02/22 v1.99f Standard LaTeX package

(/usr/share/texmf-tetex/tex/latex/base/t1enc.def
File: t1enc.def 2004/02/22 v1.99f Standard LaTeX file
LaTeX Font Info:    Redeclaring font encoding T1 on input line 43.
)
LaTeX Font Info:    Try loading font information for T1+aer on input line 100.

(/usr/share/texmf-tetex/tex/latex/ae/t1aer.fd
File: t1aer.fd 1997/11/16 Font definitions for T1/aer.
)))
(/usr/share/texmf-tetex/tex/latex/fancyvrb/fancyvrb.sty
Package: fancyvrb 1998/07/17

Style option: `fancyvrb' v2.6, with DG/SPQR fixes <1998/07/17> (tvz)
\FV@CodeLineNo=\count96
\FV@InFile=\read1
\FV@TabBox=\box27
\c@FancyVerbLine=\count97
\FV@StepNumber=\count98
\FV@OutFile=\write4

No file fancyvrb.cfg.
) (/usr/local/lib/R/share/texmf/upquote.sty
Package: upquote 2003/08/11 v1.1 Covington's upright-quote modification to verb
atim and verb

(/usr/share/texmf-tetex/tex/latex/base/textcomp.sty
Package: textcomp 2004/02/22 v1.99f Standard LaTeX package
Package textcomp Info: Sub-encoding information:
(textcomp)               5 = only ISO-Adobe without \textcurrency
(textcomp)               4 = 5 + \texteuro
(textcomp)               3 = 4 + \textohm
(textcomp)               2 = 3 + \textestimated + \textcurrency
(textcomp)               1 = TS1 - \textcircled - \t
(textcomp)               0 = TS1 (full)
(textcomp)             Font families with sub-encoding setting implement
(textcomp)             only a restricted character set as indicated.
(textcomp)             Family '?' is the default used for unknown fonts.
(textcomp)             See the documentation for details.
Package textcomp Info: Setting ? sub-encoding to TS1/1 on input line 71.

(/usr/share/texmf-tetex/tex/latex/base/ts1enc.def
File: ts1enc.def 2001/06/05 v3.0e (jk/car/fm) Standard LaTeX file
)
LaTeX Info: Redefining \oldstylenums on input line 266.
Package textcomp Info: Setting cmr sub-encoding to TS1/0 on input line 281.
Package textcomp Info: Setting cmss sub-encoding to TS1/0 on input line 282.
Package textcomp Info: Setting cmtt sub-encoding to TS1/0 on input line 283.
Package textcomp Info: Setting cmvtt sub-encoding to TS1/0 on input line 284.
Package textcomp Info: Setting cmbr sub-encoding to TS1/0 on input line 285.
Package textcomp Info: Setting cmtl sub-encoding to TS1/0 on input line 286.
Package textcomp Info: Setting ccr sub-encoding to TS1/0 on input line 287.
Package textcomp Info: Setting ptm sub-encoding to TS1/4 on input line 288.
Package textcomp Info: Setting pcr sub-encoding to TS1/4 on input line 289.
Package textcomp Info: Setting phv sub-encoding to TS1/4 on input line 290.
Package textcomp Info: Setting ppl sub-encoding to TS1/3 on input line 291.
Package textcomp Info: Setting pag sub-encoding to TS1/4 on input line 292.
Package textcomp Info: Setting pbk sub-encoding to TS1/4 on input line 293.
Package textcomp Info: Setting pnc sub-encoding to TS1/4 on input line 294.
Package textcomp Info: Setting pzc sub-encoding to TS1/4 on input line 295.
Package textcomp Info: Setting bch sub-encoding to TS1/4 on input line 296.
Package textcomp Info: Setting put sub-encoding to TS1/5 on input line 297.
Package textcomp Info: Setting uag sub-encoding to TS1/5 on input line 298.
Package textcomp Info: Setting ugq sub-encoding to TS1/5 on input line 299.
Package textcomp Info: Setting ul8 sub-encoding to TS1/4 on input line 300.
Package textcomp Info: Setting ul9 sub-encoding to TS1/4 on input line 301.
Package textcomp Info: Setting augie sub-encoding to TS1/5 on input line 302.
Package textcomp Info: Setting dayrom sub-encoding to TS1/3 on input line 303.
Package textcomp Info: Setting dayroms sub-encoding to TS1/3 on input line 304.

Package textcomp Info: Setting pxr sub-encoding to TS1/0 on input line 305.
Package textcomp Info: Setting pxss sub-encoding to TS1/0 on input line 306.
Package textcomp Info: Setting pxtt sub-encoding to TS1/0 on input line 307.
Package textcomp Info: Setting txr sub-encoding to TS1/0 on input line 308.
Package textcomp Info: Setting txss sub-encoding to TS1/0 on input line 309.
Package textcomp Info: Setting txtt sub-encoding to TS1/0 on input line 310.
Package textcomp Info: Setting futs sub-encoding to TS1/4 on input line 311.
Package textcomp Info: Setting futx sub-encoding to TS1/4 on input line 312.
Package textcomp Info: Setting futj sub-encoding to TS1/4 on input line 313.
Package textcomp Info: Setting hlh sub-encoding to TS1/3 on input line 314.
Package textcomp Info: Setting hls sub-encoding to TS1/3 on input line 315.
Package textcomp Info: Setting hlst sub-encoding to TS1/3 on input line 316.
Package textcomp Info: Setting hlct sub-encoding to TS1/5 on input line 317.
Package textcomp Info: Setting hlx sub-encoding to TS1/5 on input line 318.
Package textcomp Info: Setting hlce sub-encoding to TS1/5 on input line 319.
Package textcomp Info: Setting hlcn sub-encoding to TS1/5 on input line 320.
Package textcomp Info: Setting hlcw sub-encoding to TS1/5 on input line 321.
Package textcomp Info: Setting hlcf sub-encoding to TS1/5 on input line 322.
Package textcomp Info: Setting pplx sub-encoding to TS1/3 on input line 323.
Package textcomp Info: Setting pplj sub-encoding to TS1/3 on input line 324.
Package textcomp Info: Setting ptmx sub-encoding to TS1/4 on input line 325.
Package textcomp Info: Setting ptmj sub-encoding to TS1/4 on input line 326.
))
(/usr/share/texmf-tetex/tex/latex/relsize/relsize.sty
Package: relsize 2003/07/04 ver 3.1
)
Package hyperref Info: Option `colorlinks' set `true' on input line 55.


Package hyperref Warning: Option `hyperindex' has already been used,
(hyperref)                setting the option has no effect on input line 55.

Package hyperref Info: Option `linktocpage' set `true' on input line 55.
(./mboost_illustrations.aux)
\openout1 = `mboost_illustrations.aux'.

LaTeX Font Info:    Checking defaults for OML/cmm/m/it on input line 57.
LaTeX Font Info:    ... okay on input line 57.
LaTeX Font Info:    Checking defaults for T1/cmr/m/n on input line 57.
LaTeX Font Info:    ... okay on input line 57.
LaTeX Font Info:    Checking defaults for OT1/cmr/m/n on input line 57.
LaTeX Font Info:    ... okay on input line 57.
LaTeX Font Info:    Checking defaults for OMS/cmsy/m/n on input line 57.
LaTeX Font Info:    ... okay on input line 57.
LaTeX Font Info:    Checking defaults for OMX/cmex/m/n on input line 57.
LaTeX Font Info:    ... okay on input line 57.
LaTeX Font Info:    Checking defaults for U/cmr/m/n on input line 57.
LaTeX Font Info:    ... okay on input line 57.
LaTeX Font Info:    Checking defaults for PD1/pdf/m/n on input line 57.
LaTeX Font Info:    ... okay on input line 57.
LaTeX Font Info:    Checking defaults for TS1/cmr/m/n on input line 57.
LaTeX Font Info:    Try loading font information for TS1+cmr on input line 57.
 (/usr/share/texmf-tetex/tex/latex/base/ts1cmr.fd
File: ts1cmr.fd 1999/05/25 v2.5h Standard LaTeX font definitions
)
LaTeX Font Info:    ... okay on input line 57.

(/usr/share/texmf-tetex/tex/latex/graphics/color.sty
Package: color 1999/02/16 v1.0i Standard LaTeX Color (DPC)

(/usr/share/texmf-tetex/tex/latex/graphics/color.cfg
File: color.cfg 2005/02/03 v1.3 color configuration of teTeX/TeXLive
)
Package color Info: Driver file: pdftex.def on input line 125.
)
Package hyperref Info: Link coloring ON on input line 57.

(/usr/share/texmf-tetex/tex/latex/hyperref/nameref.sty
Package: nameref 2003/12/03 v2.21 Cross-referencing by name of section
\c@section@level=\count99
)
LaTeX Info: Redefining \ref on input line 57.
LaTeX Info: Redefining \pageref on input line 57.

(./mboost_illustrations.out) (./mboost_illustrations.out)
\openout3 = `mboost_illustrations.out'.


(/usr/share/texmf-tetex/tex/context/base/supp-pdf.tex
(/usr/share/texmf-tetex/tex/context/base/supp-mis.tex
loading : Context Support Macros / Miscellaneous (2004.10.26)
\protectiondepth=\count100
\scratchcounter=\count101
\scratchtoks=\toks18
\scratchdimen=\dimen109
\scratchskip=\skip45
\scratchmuskip=\muskip11
\scratchbox=\box28
\scratchread=\read2
\scratchwrite=\write5
\zeropoint=\dimen110
\onepoint=\dimen111
\onebasepoint=\dimen112
\minusone=\count102
\thousandpoint=\dimen113
\onerealpoint=\dimen114
\emptytoks=\toks19
\nextbox=\box29
\nextdepth=\dimen115
\everyline=\toks20
\!!counta=\count103
\!!countb=\count104
\recursecounter=\count105
)
loading : Context Support Macros / PDF (2004.03.26)
\nofMPsegments=\count106
\nofMParguments=\count107
\MPscratchCnt=\count108
\MPscratchDim=\dimen116
\MPnumerator=\count109
\everyMPtoPDFconversion=\toks21
)
LaTeX Font Info:    Try loading font information for U+msa on input line 68.
 (/usr/share/texmf-tetex/tex/latex/amsfonts/umsa.fd
File: umsa.fd 2002/01/19 v2.2g AMS font definitions
)
LaTeX Font Info:    Try loading font information for U+msb on input line 68.

(/usr/share/texmf-tetex/tex/latex/amsfonts/umsb.fd
File: umsb.fd 2002/01/19 v2.2g AMS font definitions
)
LaTeX Font Info:    Try loading font information for T1+aett on input line 72.

(/usr/share/texmf-tetex/tex/latex/ae/t1aett.fd
File: t1aett.fd 1997/11/16 Font definitions for T1/aett.
)
Underfull \hbox (badness 10000) in paragraph at lines 69--74

 []


Underfull \hbox (badness 10000) in paragraph at lines 75--79

 []


Overfull \hbox (3.2455pt too wide) in paragraph at lines 82--88
\T1/aer/m/n/10 This doc-u-ment re-pro-duces the data anal-y-ses pre-sented in [
][]Bühlmann and Hothorn[][]
 []

LaTeX Font Info:    Try loading font information for T1+pcr on input line 116.
(/usr/share/texmf-tetex/tex/latex/psnfss/t1pcr.fd
File: t1pcr.fd 2001/06/04 font definitions for T1/pcr.
)
LaTeX Font Info:    Font shape `T1/pcr/m/it' in size <8> not available
(Font)              Font shape `T1/pcr/m/sl' tried instead on input line 116.
 [1

{/var/lib/texmf/fonts/map/pdftex/updmap/pdftex.map}]
<figures/bodyfat_glmboost-bodyfat-oob-plot.pdf, id=58, 433.62pt x 722.7pt>
File: figures/bodyfat_glmboost-bodyfat-oob-plot.pdf Graphic file (type pdf)

<use figures/bodyfat_glmboost-bodyfat-oob-plot.pdf>

LaTeX Warning: Float too large for page by 25.00241pt on input line 173.


LaTeX Warning: Reference `subsec.stopping' on page 2 undefined on input line 18
6.

[2] [3 <./figures/bodyfat_glmboost-bodyfat-oob-plot.pdf>]
Overfull \hbox (18.5699pt too wide) in paragraph at lines 218--229
\T1/aer/m/n/10 zero oc-curs here for mean cen-tered re-sponse and pre-dic-tors 
and hence, $\OML/cmm/m/it/10 n[] [][] Y[] \OT1/cmr/m/n/10 =
 []


LaTeX Warning: Reference `subsec.compLS' on page 4 undefined on input line 239.



LaTeX Warning: Reference `subsec.stopping' on page 4 undefined on input line 25
6.

<figures/BH-bodyfat-gamboost-plot.pdf, id=81, 433.62pt x 433.62pt>
File: figures/BH-bodyfat-gamboost-plot.pdf Graphic file (type pdf)

<use figures/BH-bodyfat-gamboost-plot.pdf> [4]

LaTeX Warning: Reference `subsec.stopping' on page 5 undefined on input line 33
0.

<figures/BH-bodyfat-fpboost-plot.pdf, id=99, 433.62pt x 433.62pt>
File: figures/BH-bodyfat-fpboost-plot.pdf Graphic file (type pdf)

<use figures/BH-bodyfat-fpboost-plot.pdf> [5 <./figures/BH-bodyfat-gamboost-plo
t.pdf>]

LaTeX Warning: Reference `sec.survival' on page 6 undefined on input line 368.

LaTeX Font Info:    Try loading font information for TS1+pcr on input line 388.

(/usr/share/texmf-tetex/tex/latex/psnfss/ts1pcr.fd
File: ts1pcr.fd 2001/06/04 font definitions for TS1/pcr.
)
LaTeX Font Info:    Font shape `TS1/pcr/m/it' in size <8> not available
(Font)              Font shape `TS1/pcr/m/sl' tried instead on input line 388.
 [6]
<figures/BH-wpbc-gamboost-plot.pdf, id=128, 433.62pt x 433.62pt>
File: figures/BH-wpbc-gamboost-plot.pdf Graphic file (type pdf)

<use figures/BH-wpbc-gamboost-plot.pdf> [7]
<figures/BH-wpbc-glmboost-censored-fit.pdf, id=137, 433.62pt x 433.62pt>
File: figures/BH-wpbc-glmboost-censored-fit.pdf Graphic file (type pdf)

<use figures/BH-wpbc-glmboost-censored-fit.pdf>
Overfull \hbox (6.78882pt too wide) in paragraph at lines 588--593
[]\T1/aer/m/n/10 Alternatively, a Cox model with lin-ear pre-dic-tor can be fit
-ted us-ing $\OML/cmm/m/it/10 L[]$\T1/aer/m/n/10 Boosting
 []

[8] [9 <./figures/BH-bodyfat-fpboost-plot.pdf>] [10 <./figures/BH-wpbc-gamboost
-plot.pdf>] [11 <./figures/BH-wpbc-glmboost-censored-fit.pdf>]
(./mboost_illustrations.bbl
Underfull \hbox (badness 10000) in paragraph at lines 14--21
\T1/aett/m/n/10 Research-[]Reports / Other-[]Manuscripts / buhlmann / Buehlmann
Hothorn _
 []

) [12

] (./mboost_illustrations.aux)

LaTeX Warning: There were undefined references.

 ) 
Here is how much of TeX's memory you used:
 4376 strings out of 94500
 60093 string characters out of 1175788
 105746 words of memory out of 1000000
 7384 multiletter control sequences out of 10000+50000
 40675 words of font info for 89 fonts, out of 500000 for 2000
 580 hyphenation exceptions out of 8191
 28i,7n,36p,593b,381s stack positions out of 1500i,500n,5000p,200000b,5000s
PDF statistics:
 185 PDF objects out of 300000
 31 named destinations out of 131072
 50 words of extra memory for PDF output out of 65536
</usr/share/texmf-tetex/fonts/type1/bluesky/cm/cmsy10.pfb></usr/share/texmf-t
etex/fonts/type1/bluesky/cm/cmmi7.pfb></usr/share/texmf-tetex/fonts/type1/blues
ky/cm/cmex10.pfb></usr/share/texmf-tetex/fonts/type1/bluesky/cm/cmsy7.pfb>{/usr
/share/texmf-tetex/fonts/enc/dvips/psnfss/8r.enc}</usr/share/texmf-tetex/fonts/
type1/urw/courier/ucrro8a.pfb></usr/share/texmf-tetex/fonts/type1/bluesky/cm/cm
mi10.pfb></usr/share/texmf-tetex/fonts/type1/bluesky/cm/cmbx10.pfb></usr/share/
texmf-tetex/fonts/type1/bluesky/cm/cmti10.pfb></usr/share/texmf-tetex/fonts/typ
e1/bluesky/cm/cmbx12.pfb></usr/share/texmf-tetex/fonts/type1/bluesky/cm/cmtt10.
pfb></usr/share/texmf-tetex/fonts/type1/bluesky/cm/cmr10.pfb></usr/share/texmf-
tetex/fonts/type1/bluesky/cm/cmr7.pfb></usr/share/texmf-tetex/fonts/type1/blues
ky/cm/cmr8.pfb></usr/share/texmf-tetex/fonts/type1/bluesky/cm/cmr12.pfb></usr/s
hare/texmf-tetex/fonts/type1/bluesky/cm/cmr17.pfb></usr/share/texmf-tetex/fonts
/type1/bluesky/cm/cmb10.pfb>
Output written on mboost_illustrations.pdf (12 pages, 332145 bytes).
